<?xml version="1.0" encoding="UTF-8"?>
<testsuite xmlns:xsi="http://www.w3.org/2001/XMLSchema-instance" xsi:noNamespaceSchemaLocation="https://maven.apache.org/surefire/maven-surefire-plugin/xsd/surefire-test-report-3.0.xsd" version="3.0" name="com.code.api.BookstoreApiApplicationTests" time="4.882" tests="1" errors="0" skipped="0" failures="0">
  <properties>
[...]
</properties>
  <testcase name="contextLoads" classname="com.code.api.BookstoreApiApplicationTests" time="0.576">
    <system-out><![CDATA[12:21:29.766 [main] INFO org.springframework.test.context.support.AnnotationConfigContextLoaderUtils -- Could not detect default configuration classes for test class [com.code.api.BookstoreApiApplicationTests]: BookstoreApiApplicationTests does not declare any static, non-private, non-final, nested classes annotated with @Configuration.
12:21:29.886 [main] INFO org.springframework.boot.test.context.SpringBootTestContextBootstrapper -- Found @SpringBootConfiguration com.code.api.BookstoreApiApplication for test class com.code.api.BookstoreApiApplicationTests
12:21:30.046 [main] INFO org.springframework.boot.devtools.restart.RestartApplicationListener -- Restart disabled due to context in which it is running

  .   ____          _            __ _ _
 /\\ / ___'_ __ _ _(_)_ __  __ _ \ \ \ \
( ( )\___ | '_ | '_| | '_ \/ _` | \ \ \ \
 \\/  ___)| |_)| | | | | || (_| |  ) ) ) )
  '  |____| .__|_| |_|_| |_\__, | / / / /
 =========|_|==============|___/=/_/_/_/

 :: Spring Boot ::                (v3.3.2)

2024-08-20T12:21:30.386+05:30  INFO 20064 --- [BookstoreAPI] [           main] c.code.api.BookstoreApiApplicationTests  : Starting BookstoreApiApplicationTests using Java 22.0.2 with PID 20064 (started by Mukund in D:\New folder (14)\exercise6\bookstoreapi\bookstoreapi)
2024-08-20T12:21:30.389+05:30  INFO 20064 --- [BookstoreAPI] [           main] c.code.api.BookstoreApiApplicationTests  : No active profile set, falling back to 1 default profile: "default"
2024-08-20T12:21:31.092+05:30  INFO 20064 --- [BookstoreAPI] [           main] .s.d.r.c.RepositoryConfigurationDelegate : Bootstrapping Spring Data JPA repositories in DEFAULT mode.
2024-08-20T12:21:31.146+05:30  INFO 20064 --- [BookstoreAPI] [           main] .s.d.r.c.RepositoryConfigurationDelegate : Finished Spring Data repository scanning in 42 ms. Found 2 JPA repository interfaces.
2024-08-20T12:21:31.608+05:30  INFO 20064 --- [BookstoreAPI] [           main] o.hibernate.jpa.internal.util.LogHelper  : HHH000204: Processing PersistenceUnitInfo [name: default]
2024-08-20T12:21:31.664+05:30  INFO 20064 --- [BookstoreAPI] [           main] org.hibernate.Version                    : HHH000412: Hibernate ORM core version 6.5.2.Final
2024-08-20T12:21:31.692+05:30  INFO 20064 --- [BookstoreAPI] [           main] o.h.c.internal.RegionFactoryInitiator    : HHH000026: Second-level cache disabled
2024-08-20T12:21:32.025+05:30  INFO 20064 --- [BookstoreAPI] [           main] o.s.o.j.p.SpringPersistenceUnitInfo      : No LoadTimeWeaver setup: ignoring JPA class transformer
2024-08-20T12:21:32.054+05:30  INFO 20064 --- [BookstoreAPI] [           main] com.zaxxer.hikari.HikariDataSource       : HikariPool-1 - Starting...
2024-08-20T12:21:32.217+05:30  INFO 20064 --- [BookstoreAPI] [           main] com.zaxxer.hikari.pool.HikariPool        : HikariPool-1 - Added connection conn0: url=jdbc:h2:mem:librarydb user=SA	
2024-08-20T12:21:32.218+05:30  INFO 20064 --- [BookstoreAPI] [           main] com.zaxxer.hikari.HikariDataSource       : HikariPool-1 - Start completed.
2024-08-20T12:21:32.253+05:30  WARN 20064 --- [BookstoreAPI] [           main] org.hibernate.orm.deprecation            : HHH90000025: H2Dialect does not need to be specified explicitly using 'hibernate.dialect' (remove the property setting and it will be selected by default)
2024-08-20T12:21:32.949+05:30  INFO 20064 --- [BookstoreAPI] [           main] o.h.e.t.j.p.i.JtaPlatformInitiator       : HHH000489: No JTA platform available (set 'hibernate.transaction.jta.platform' to enable JTA platform integration)
Hibernate: create table books (id integer generated by default as identity, author varchar(20) not null, isbn varchar(20) not null, price float(53) not null, title varchar(20) not null, primary key (id))
Hibernate: create table customers (id integer generated by default as identity, emailid varchar(255), name varchar(255), password varchar(255), primary key (id))
Hibernate: alter table if exists books drop constraint if exists UKkibbepcitr0a3cpk3rfr7nihn
Hibernate: alter table if exists books add constraint UKkibbepcitr0a3cpk3rfr7nihn unique (isbn)
Hibernate: alter table if exists customers drop constraint if exists UKeitb7k9kohsxuhxq5k97pmuty
Hibernate: alter table if exists customers add constraint UKeitb7k9kohsxuhxq5k97pmuty unique (emailid)
2024-08-20T12:21:32.998+05:30  INFO 20064 --- [BookstoreAPI] [           main] j.LocalContainerEntityManagerFactoryBean : Initialized JPA EntityManagerFactory for persistence unit 'default'
2024-08-20T12:21:33.504+05:30  WARN 20064 --- [BookstoreAPI] [           main] JpaBaseConfiguration$JpaWebConfiguration : spring.jpa.open-in-view is enabled by default. Therefore, database queries may be performed during view rendering. Explicitly configure spring.jpa.open-in-view to disable this warning
2024-08-20T12:21:33.871+05:30  INFO 20064 --- [BookstoreAPI] [           main] c.code.api.BookstoreApiApplicationTests  : Started BookstoreApiApplicationTests in 3.842 seconds (process running for 5.099)
]]></system-out>
    <system-err><![CDATA[WARNING: A Java agent has been loaded dynamically (C:\Users\Mukund\.m2\repository\net\bytebuddy\byte-buddy-agent\1.14.18\byte-buddy-agent-1.14.18.jar)
WARNING: If a serviceability tool is in use, please run with -XX:+EnableDynamicAgentLoading to hide this warning
WARNING: If a serviceability tool is not in use, please run with -Djdk.instrument.traceUsage for more information
WARNING: Dynamic loading of agents will be disallowed by default in a future release
]]></system-err>
  </testcase>
</testsuite>